<?xml version="1.0" encoding="UTF-8"?>
<!-- Generated by org.testng.reporters.JUnitReportReporter -->
<testsuite hostname="LAPTOP-PHOPIO1R" failures="0" tests="1" name="Test.LoginTest" time="4.912" errors="0" timestamp="2022-06-13T10:24:52 IST" skipped="0">
  <testcase classname="Test.LoginTest" name="LoginTest" time="4.912"/>
  <system-out/>
</testsuite> <!-- Test.LoginTest -->
