<?xml version="1.0" encoding="UTF-8"?>
<!-- Generated by org.testng.reporters.JUnitReportReporter -->
<testsuite hostname="LAPTOP-PHOPIO1R" failures="0" tests="2" name="com.qa.testngdemo.SeleniumTestngDemoTest" time="0.214" errors="0" timestamp="2022-06-14T14:18:21 IST" skipped="0">
  <testcase classname="com.qa.testngdemo.SeleniumTestngDemoTest" name="verifySignInLink" time="0.160"/>
  <system-out/>
  <testcase classname="com.qa.testngdemo.SeleniumTestngDemoTest" name="verifyGoogleSearchbutton" time="0.054"/>
  <system-out/>
</testsuite> <!-- com.qa.testngdemo.SeleniumTestngDemoTest -->
